A_CSFD3QP
A_CSLFD3QP
A_CSFD3QSP
A_CSCLKLP
A_CSLFD2QW
A_CSCLKLT8
A_CSFD2QP
A_CSLFD2QSP
A_CSFD6QP
A_CSLFD3QSP
A_CSFD2QSP
A_CSDP1QP
A_CSFD6QSP
A_CSDP1Q
A_CSLFD2QP
A_CSSYNCCFD2QS
A_CSCLKLTP
A_CSFD2QN
H150_SFDN4QSB
H150_SDP1NQH
H150_SLFD5Q
H150_SFDN3QSP
H150_SFD6QP
H150_SFD6QSH
H150_SCLKLT16
H150_SCLKLTO12
H150_SLFD2QS
H150_SCLKLP
H150_SFD2QNSB
H150_SFD4QSB
H150_SFD6Q
H150_SFDN2QNB
H150_SSYNNPFD1
H150_SDP1Q
H150_SDP1NQB
H150_SFD4QB
H150_SSYNNNFD1
H150_SSYNFD1QS
H150_SFD3QP
H150_SFD6QV
H150_SFD6QH
H150_SCLKL4
H150_SFD2QS
H150_SDP1QP
H150_SCLKL8
H150_SFDN3QSB
H150_SFDN3QB
H150_SCLKLTO16
H150_SLFD2QSP
H150_SFDN4QP
H150_SFD1QB
H150_SFD2QNB
H150_SLFD4Q
H150_SCLKLO16
H150_SFD1QSP
H150_SFD5QSP
H150_SFDN2QNSB
H150_SCLKLT4
H150_SLFD2QP
H150_SFD1QNS
H150_SLFD6Q
H150_SFD1QSV
H150_SFD2QSV
H150_SFDN5QB
H150_SFD6QNSB
H150_SFD2QP
H150_SFD1QNSB
H150_SFD4QSP
H150_SLFD6QSP
H150_SSYNCCFD1QS
H150_SLFD4QS
H150_SCLKLT12
H150_SDP2Q
H150_SSYNCCFD2QS
H150_SLFD6QS
H150_SCLKLTOP
H150_SLFD5QS
H150_SFD6QSV
H150_SFDN6QNSB
H150_SCLKLTP
H150_SFD2QSB
H150_SFDN2QNP
H150_SCLKLTO8
H150_SFD3QNS
H150_SSYNPNFD1
H150_SFD4Q
H150_SCLKLOP
H150_SLFD2Q
H150_SFD2QV
H150_SFDN4QB
H150_SFDN1QNSP
H150_SFD5QSB
H150_SFDN1QNSB
H150_SCLKLO12
H150_SFD1QSB
H150_SFD1QNSP
H150_SCLKLO4
H150_SFD6QS
H150_SFD6QB
H150_SFD2QSP
H150_SFD4QS
H150_SFD1QN
H150_SFDN5QP
H150_SSYNFD2
H150_SFD1QNP
H150_SFD4QP
H150_SFD6QNB
H150_SFDN3QP
H150_SLFD4QSP
H150_SFDN4QSP
H150_SFD6QNP
H150_SFDN6QNP
H150_SFDN5QSB
H150_SLFD5QP
H150_SDP1QH
H150_SSYNFD1
H150_SFDN1QNB
H150_SFDN6QNB
H150_SFDN6QNSP
H150_SDP2QP
H150_SDP2QH
H150_SFD5QB
H150_SFD1QS
H150_SFDN1QNP
H150_SDP2NQP
H150_SDP1NQP
H150_SLFD6QP
H150_SRSP
H150_SFD6QNSP
H150_SFD2Q
H150_SSYNFD2QS
H150_SDP1NQ
H150_SFD1QNB
H150_SDP1QB
H150_SLFD4QP
H150_SCLKLO8
H150_SFDN5QSP
H150_SCLKLTO4
H150_SFD2QB
H150_SLFD5QSP
H150_SCLKLT8
H150_SFD6QSB
H150_SFD3QN
H150_SDP2NQH
H150_SFD1Q
H150_SFD2QNSP
H150_SRS
H150_SFD1QP
H150_SFD5QP
H150_SFD2QNP
H150_SFD6QSP
H150_SFD1QV
H150_SFDN2QNSP
H150_SFD3QSP
H150_SDP2NQ
H09_SFD1QNP
H09_SFD2QNSP
H09_SLFD2Q
H09_SFDN4QSP
H09_SLFD6Q
H09_SRSP
H09_SCLKLT16
H09_SSYNCCFD2QS
H09_SSYNNNFD1
H09_SFD2QP
H09_SSYNFD2QS
H09_SCLKL8
H09_SCLKLO8
H09_SFD2Q
H09_SFDN6QNSP
H09_SFD6QS
H09_SFD1QS
H09_SCLKLT8
H09_SFD2QS
H09_SFDN2QNSB
H09_SFD3QSP
H09_SFD1QSB
H09_SFDN5QP
H09_SFD5QB
H09_SFD4Q
H09_SFDN2QNSP
H09_SDP2Q
H09_SFD4QSB
H09_SDP2QH
H09_SDP1NQP
H09_SLFD6QP
H09_SLFD6QSP
H09_SFD6Q
H09_SCLKLO4
H09_SFD1QB
H09_SFDN5QB
H09_SFDN3QSB
H09_SLFD4Q
H09_SFD2QSV
H09_SSYNFD2
H09_SFDN1QNSP
H09_SLFD6QS
H09_SFDN4QB
H09_SCLKLTO12
H09_SDP1QH
H09_SCLKLTO4
H09_SFD1QN
H09_SCLKLTOP
H09_SFD1QNSP
H09_SLFD5QP
H09_SCLKLO16
H09_SSYNFD1
H09_SLFD5Q
H09_SCLKLTO16
H09_SFDN3QSP
H09_SFDN4QSB
H09_SRS
H09_SFD4QSP
H09_SFD4QB
H09_SCLKLT12
H09_SCLKLOP
H09_SFD2QNSB
H09_SCLKLP
H09_SFD1Q
H09_SFD6QV
H09_SFD1QV
H09_SLFD4QP
H09_SFDN1QNSB
H09_SFD1QNS
H09_SDP2NQH
H09_SFD2QNP
H09_SFDN1QNB
H09_SSYNFD1QS
H09_SSYNNPFD1
H09_SFD5QSB
H09_SFD6QSV
H09_SFD6QSB
H09_SFD1QNSB
H09_SFDN3QB
H09_SFD6QNB
H09_SDP1Q
H09_SFDN6QNP
H09_SDP2QP
H09_SFDN2QNP
H09_SFD6QNSP
H09_SDP2NQP
H09_SFDN3QP
H09_SCLKL4
H09_SFD1QP
H09_SLFD2QS
H09_SDP1NQB
H09_SFDN6QNSB
H09_SFD2QNB
H09_SFD1QNB
H09_SFDN4QP
H09_SFD4QS
H09_SFD3QNS
H09_SFD2QSB
H09_SFDN1QNP
H09_SLFD4QSP
H09_SLFD4QS
H09_SFDN6QNB
H09_SFD3QP
H09_SFDN2QNB
H09_SLFD5QS
H09_SDP2NQ
H09_SFD6QSH
H09_SFD2QSP
H09_SLFD5QSP
H09_SFD1QSP
H09_SSYNPNFD1
H09_SFD6QH
H09_SFD6QNP
H09_SFD2QV
H09_SFDN5QSP
H09_SCLKLO12
H09_SDP1QP
H09_SFD1QSV
H09_SDP1QB
H09_SCLKLTP
H09_SCLKLT4
H09_SDP1NQH
H09_SFDN5QSB
H09_SFD6QNSB
H09_SFD2QB
H09_SFD5QSP
H09_SFD5QP
H09_SLFD2QSP
H09_SFD4QP
H09_SLFD2QP
H09_SFD6QB
H09_SFD6QSP
H09_SDP1NQ
H09_SSYNCCFD1QS
H09_SFD3QN
H09_SFD6QP
H09_SCLKLTO8
R150_SSYNCCFD1QS
R150_SFD2QNSP
R150_SSYNFD2
R150_SFDN4QP
R150_SCLKLT12
R150_SLFD6QSP
R150_SLFD6QP
R150_SSYNPNFD1
R150_SDP1QP
R150_SDP2NQP
R150_SLFD2QP
R150_SFDN5QP
R150_SSYNFD1
R150_SFDN5QB
R150_SDP1Q
R150_SCLKLT4
R150_SFD6QNP
R150_SFD3QN
R150_SFD1Q
R150_SLFD5Q
R150_SFD4QP
R150_SFD6QSH
R150_SFD4Q
R150_SFDN5QSP
R150_SLFD4QS
R150_SFD2QSP
R150_SDP2Q
R150_SFD2QV
R150_SLFD4QSP
R150_SFD1QSB
R150_SCLKLT8
R150_SFD6QSP
R150_SFDN3QB
R150_SSYNFD1QS
R150_SCLKLO8
R150_SFD1QNSP
R150_SLFD2QSP
R150_SDP1QH
R150_SFD3QNS
R150_SFD4QS
R150_SCLKL8
R150_SLFD5QS
R150_SFD2QNP
R150_SDP2QH
R150_SFD5QB
R150_SFDN3QSB
R150_SLFD4QP
R150_SLFD4Q
R150_SFD6QNSB
R150_SFDN3QP
R150_SFD4QSP
R150_SFD1QSV
R150_SFDN2QNB
R150_SCLKLTO12
R150_SFD6Q
R150_SFD1QNSB
R150_SFD6QSB
R150_SSYNNPFD1
R150_SFD6QB
R150_SSYNFD2QS
R150_SCLKLTP
R150_SLFD2Q
R150_SDP1QB
R150_SSYNCCFD2QS
R150_SFD1QB
R150_SFDN2QNSB
R150_SFD2QB
R150_SFD3QP
R150_SDP1NQB
R150_SLFD2QS
R150_SFDN3QSP
R150_SCLKLOP
R150_SFD5QSP
R150_SFD1QV
R150_SFD6QSV
R150_SLFD5QP
R150_SRSP
R150_SFD5QSB
R150_SFD1QP
R150_SFD5QP
R150_SFD2QP
R150_SFDN4QB
R150_SLFD6QS
R150_SFDN5QSB
R150_SCLKLTOP
R150_SRS
R150_SFD6QV
R150_SFDN4QSB
R150_SLFD6Q
R150_SCLKLP
R150_SDP2QP
R150_SCLKLT16
R150_SDP2NQH
R150_SFDN6QNP
R150_SFD6QNB
R150_SFD4QSB
R150_SFD2QSB
R150_SFDN1QNSB
R150_SFDN6QNB
R150_SLFD5QSP
R150_SDP1NQH
R150_SFDN1QNSP
R150_SFD1QS
R150_SFD6QS
R150_SFD2Q
R150_SFD6QH
R150_SCLKLTO4
R150_SFDN2QNSP
R150_SFDN1QNB
R150_SFD2QSV
R150_SFD6QNSP
R150_SFDN2QNP
R150_SFDN6QNSB
R150_SCLKLO4
R150_SFD4QB
R150_SFD1QSP
R150_SCLKLO16
R150_SFD1QN
R150_SFD2QNB
R150_SFD2QS
R150_SFD1QNS
R150_SFD2QNSB
R150_SFD1QNP
R150_SFDN4QSP
R150_SSYNNNFD1
R150_SCLKLO12
R150_SDP1NQ
R150_SCLKLTO8
R150_SDP2NQ
R150_SCLKL4
R150_SFDN1QNP
R150_SFD1QNB
R150_SCLKLTO16
R150_SFD6QP
R150_SFD3QSP
R150_SDP1NQP
R150_SFDN6QNSP
R09_SFD6QNP
R09_SFDN6QNB
R09_SDP2NQ
R09_SCLKLTO8
R09_SLFD2QS
R09_SLFD6Q
R09_SFDN4QSP
R09_SFD6QH
R09_SFDN4QB
R09_SCLKLT8
R09_SFDN2QNSP
R09_SFDN1QNSB
R09_SSYNNPFD1
R09_SFD4QS
R09_SFD6QNSB
R09_SFD5QB
R09_SFD6QNSP
R09_SDP2NQP
R09_SFDN2QNP
R09_SLFD5Q
R09_SSYNCCFD1QS
R09_SFD1QV
R09_SSYNFD2
R09_SLFD5QP
R09_SFD1QSV
R09_SFD1QN
R09_SFD2QSB
R09_SLFD5QSP
R09_SCLKLO4
R09_SDP1Q
R09_SRS
R09_SFDN6QNSP
R09_SFD2QNP
R09_SFD1QNSP
R09_SFD6QS
R09_SFDN2QNB
R09_SFD1QSB
R09_SFD6QP
R09_SDP1NQB
R09_SCLKLTP
R09_SFD1QP
R09_SFDN3QSB
R09_SSYNPNFD1
R09_SFD6Q
R09_SDP1NQP
R09_SDP1QP
R09_SFD3QN
R09_SCLKL8
R09_SFDN4QSB
R09_SLFD4QP
R09_SFD6QSB
R09_SFD1QNS
R09_SFD3QNS
R09_SFD2QS
R09_SFD2QNSP
R09_SFDN6QNP
R09_SLFD6QP
R09_SSYNFD1
R09_SFD6QSV
R09_SDP1QH
R09_SCLKLTO4
R09_SLFD4QS
R09_SDP1NQH
R09_SFDN5QSP
R09_SFD5QSB
R09_SCLKLT16
R09_SFD2QP
R09_SCLKLOP
R09_SFD6QSP
R09_SLFD4QSP
R09_SFD4QP
R09_SFD4QB
R09_SSYNFD2QS
R09_SRSP
R09_SCLKLP
R09_SFD1QNB
R09_SCLKLTO12
R09_SDP2QH
R09_SCLKL4
R09_SFDN6QNSB
R09_SFD6QNB
R09_SFDN3QB
R09_SFDN5QB
R09_SDP2QP
R09_SFD3QP
R09_SFDN3QP
R09_SFD6QSH
R09_SSYNCCFD2QS
R09_SFD2Q
R09_SFD2QB
R09_SCLKLO8
R09_SFDN1QNP
R09_SFDN5QP
R09_SFD2QNB
R09_SSYNFD1QS
R09_SCLKLT4
R09_SFD5QSP
R09_SDP2NQH
R09_SCLKLT12
R09_SLFD2Q
R09_SFD1QS
R09_SFD2QSV
R09_SFDN1QNB
R09_SDP2Q
R09_SCLKLTOP
R09_SFD2QNSB
R09_SFD1QB
R09_SFDN5QSB
R09_SCLKLO12
R09_SLFD2QP
R09_SLFD4Q
R09_SFD3QSP
R09_SFD2QSP
R09_SFD1QSP
R09_SLFD2QSP
R09_SFD1QNP
R09_SFD1QNSB
R09_SFDN4QP
R09_SFD4Q
R09_SLFD6QSP
R09_SFDN3QSP
R09_SFD5QP
R09_SLFD5QS
R09_SCLKLO16
R09_SFD6QV
R09_SFD4QSB
R09_SFDN2QNSB
R09_SFDN1QNSP
R09_SFD6QB
R09_SLFD6QS
R09_SCLKLTO16
R09_SFD4QSP
R09_SDP1QB
R09_SDP1NQ
R09_SFD1Q
R09_SSYNNNFD1
R09_SFD2QV
